# JRE version: OpenJDK Runtime Environment (8.0_242-b01) (build 1.8.0_242-release-1644-b01)
# Java VM: OpenJDK 64-Bit Server VM (25.242-b01 mixed mode windows-amd64 compressed oops)
Heap:
 PSYoungGen      total 216064K, used 66194K [0x00000000d5580000, 0x00000000e5700000, 0x0000000100000000)
  eden space 203264K, 26% used [0x00000000d5580000,0x00000000d8a73be0,0x00000000e1c00000)
  from space 12800K, 99% used [0x00000000e2400000,0x00000000e3066d10,0x00000000e3080000)
  to   space 30208K, 0% used [0x00000000e3980000,0x00000000e3980000,0x00000000e5700000)
 ParOldGen       total 98816K, used 60073K [0x0000000080000000, 0x0000000086080000, 0x00000000d5580000)
  object space 98816K, 60% used [0x0000000080000000,0x0000000083aaa5a0,0x0000000086080000)
 Metaspace       used 91055K, capacity 95400K, committed 95576K, reserved 1132544K
  class space    used 11926K, capacity 12858K, committed 12928K, reserved 1048576K
GC Heap History (10 events):
Event: 66.249 GC heap before
{Heap before GC invocations=14 (full 3):
 PSYoungGen      total 155136K, used 16361K [0x00000000d5580000, 0x00000000e2f80000, 0x0000000100000000)
  eden space 138752K, 0% used [0x00000000d5580000,0x00000000d5580000,0x00000000ddd00000)
  from space 16384K, 99% used [0x00000000ddd00000,0x00000000decfa7f0,0x00000000ded00000)
  to   space 20992K, 0% used [0x00000000e1b00000,0x00000000e1b00000,0x00000000e2f80000)
 ParOldGen       total 67072K, used 27645K [0x0000000080000000, 0x0000000084180000, 0x00000000d5580000)
  object space 67072K, 41% used [0x0000000080000000,0x0000000081aff7a8,0x0000000084180000)
 Metaspace       used 56529K, capacity 58922K, committed 59028K, reserved 1099776K
  class space    used 7409K, capacity 7894K, committed 7936K, reserved 1048576K
Event: 66.887 GC heap after
Heap after GC invocations=14 (full 3):
 PSYoungGen      total 155136K, used 0K [0x00000000d5580000, 0x00000000e2f80000, 0x0000000100000000)
  eden space 138752K, 0% used [0x00000000d5580000,0x00000000d5580000,0x00000000ddd00000)
  from space 16384K, 0% used [0x00000000ddd00000,0x00000000ddd00000,0x00000000ded00000)
  to   space 20992K, 0% used [0x00000000e1b00000,0x00000000e1b00000,0x00000000e2f80000)
 ParOldGen       total 98816K, used 34055K [0x0000000080000000, 0x0000000086080000, 0x00000000d5580000)
  object space 98816K, 34% used [0x0000000080000000,0x0000000082141c68,0x0000000086080000)
 Metaspace       used 56429K, capacity 58664K, committed 59028K, reserved 1099776K
  class space    used 7381K, capacity 7860K, committed 7936K, reserved 1048576K
}
Event: 73.985 GC heap before
{Heap before GC invocations=15 (full 3):
 PSYoungGen      total 155136K, used 138752K [0x00000000d5580000, 0x00000000e2f80000, 0x0000000100000000)
  eden space 138752K, 100% used [0x00000000d5580000,0x00000000ddd00000,0x00000000ddd00000)
  from space 16384K, 0% used [0x00000000ddd00000,0x00000000ddd00000,0x00000000ded00000)
  to   space 20992K, 0% used [0x00000000e1b00000,0x00000000e1b00000,0x00000000e2f80000)
 ParOldGen       total 98816K, used 34055K [0x0000000080000000, 0x0000000086080000, 0x00000000d5580000)
  object space 98816K, 34% used [0x0000000080000000,0x0000000082141c68,0x0000000086080000)
 Metaspace       used 65296K, capacity 67982K, committed 68312K, reserved 1107968K
  class space    used 8781K, capacity 9377K, committed 9472K, reserved 1048576K
Event: 74.035 GC heap after
Heap after GC invocations=15 (full 3):
 PSYoungGen      total 193024K, used 12964K [0x00000000d5580000, 0x00000000e2b80000, 0x0000000100000000)
  eden space 176128K, 0% used [0x00000000d5580000,0x00000000d5580000,0x00000000e0180000)
  from space 16896K, 76% used [0x00000000e1b00000,0x00000000e27a9100,0x00000000e2b80000)
  to   space 21504K, 0% used [0x00000000e0180000,0x00000000e0180000,0x00000000e1680000)
 ParOldGen       total 98816K, used 34055K [0x0000000080000000, 0x0000000086080000, 0x00000000d5580000)
  object space 98816K, 34% used [0x0000000080000000,0x0000000082141c68,0x0000000086080000)
 Metaspace       used 65296K, capacity 67982K, committed 68312K, reserved 1107968K
  class space    used 8781K, capacity 9377K, committed 9472K, reserved 1048576K
}
Event: 93.321 GC heap before
{Heap before GC invocations=16 (full 3):
 PSYoungGen      total 193024K, used 189092K [0x00000000d5580000, 0x00000000e2b80000, 0x0000000100000000)
  eden space 176128K, 100% used [0x00000000d5580000,0x00000000e0180000,0x00000000e0180000)
  from space 16896K, 76% used [0x00000000e1b00000,0x00000000e27a9100,0x00000000e2b80000)
  to   space 21504K, 0% used [0x00000000e0180000,0x00000000e0180000,0x00000000e1680000)
 ParOldGen       total 98816K, used 34055K [0x0000000080000000, 0x0000000086080000, 0x00000000d5580000)
  object space 98816K, 34% used [0x0000000080000000,0x0000000082141c68,0x0000000086080000)
 Metaspace       used 75464K, capacity 78868K, committed 79064K, reserved 1118208K
  class space    used 10252K, capacity 10979K, committed 11008K, reserved 1048576K
Event: 93.365 GC heap after
Heap after GC invocations=16 (full 3):
 PSYoungGen      total 197632K, used 21481K [0x00000000d5580000, 0x00000000e5b80000, 0x0000000100000000)
  eden space 176128K, 0% used [0x00000000d5580000,0x00000000d5580000,0x00000000e0180000)
  from space 21504K, 99% used [0x00000000e0180000,0x00000000e167a500,0x00000000e1680000)
  to   space 25088K, 0% used [0x00000000e4300000,0x00000000e4300000,0x00000000e5b80000)
 ParOldGen       total 98816K, used 35663K [0x0000000080000000, 0x0000000086080000, 0x00000000d5580000)
  object space 98816K, 36% used [0x0000000080000000,0x00000000822d3c40,0x0000000086080000)
 Metaspace       used 75464K, capacity 78868K, committed 79064K, reserved 1118208K
  class space    used 10252K, capacity 10979K, committed 11008K, reserved 1048576K
}
Event: 966.098 GC heap before
{Heap before GC invocations=17 (full 3):
 PSYoungGen      total 197632K, used 197609K [0x00000000d5580000, 0x00000000e5b80000, 0x0000000100000000)
  eden space 176128K, 100% used [0x00000000d5580000,0x00000000e0180000,0x00000000e0180000)
  from space 21504K, 99% used [0x00000000e0180000,0x00000000e167a500,0x00000000e1680000)
  to   space 25088K, 0% used [0x00000000e4300000,0x00000000e4300000,0x00000000e5b80000)
 ParOldGen       total 98816K, used 35663K [0x0000000080000000, 0x0000000086080000, 0x00000000d5580000)
  object space 98816K, 36% used [0x0000000080000000,0x00000000822d3c40,0x0000000086080000)
 Metaspace       used 86807K, capacity 90826K, committed 90968K, reserved 1128448K
  class space    used 11507K, capacity 12355K, committed 12416K, reserved 1048576K
Event: 979.161 GC heap after
Heap after GC invocations=17 (full 3):
 PSYoungGen      total 236544K, used 25056K [0x00000000d5580000, 0x00000000e6c80000, 0x0000000100000000)
  eden space 211456K, 0% used [0x00000000d5580000,0x00000000d5580000,0x00000000e2400000)
  from space 25088K, 99% used [0x00000000e4300000,0x00000000e5b783a8,0x00000000e5b80000)
  to   space 31744K, 0% used [0x00000000e2400000,0x00000000e2400000,0x00000000e4300000)
 ParOldGen       total 98816K, used 43395K [0x0000000080000000, 0x0000000086080000, 0x00000000d5580000)
  object space 98816K, 43% used [0x0000000080000000,0x0000000082a60f10,0x0000000086080000)
 Metaspace       used 86807K, capacity 90826K, committed 90968K, reserved 1128448K
  class space    used 11507K, capacity 12355K, committed 12416K, reserved 1048576K
}
Event: 6127.649 GC heap before
{Heap before GC invocations=18 (full 3):
 PSYoungGen      total 236544K, used 236512K [0x00000000d5580000, 0x00000000e6c80000, 0x0000000100000000)
  eden space 211456K, 100% used [0x00000000d5580000,0x00000000e2400000,0x00000000e2400000)
  from space 25088K, 99% used [0x00000000e4300000,0x00000000e5b783a8,0x00000000e5b80000)
  to   space 31744K, 0% used [0x00000000e2400000,0x00000000e2400000,0x00000000e4300000)
 ParOldGen       total 98816K, used 43395K [0x0000000080000000, 0x0000000086080000, 0x00000000d5580000)
  object space 98816K, 43% used [0x0000000080000000,0x0000000082a60f10,0x0000000086080000)
 Metaspace       used 89800K, capacity 94086K, committed 94168K, reserved 1130496K
  class space    used 11812K, capacity 12739K, committed 12800K, reserved 1048576K
Event: 6165.905 GC heap after
Heap after GC invocations=18 (full 3):
 PSYoungGen      total 216064K, used 12699K [0x00000000d5580000, 0x00000000e5700000, 0x0000000100000000)
  eden space 203264K, 0% used [0x00000000d5580000,0x00000000d5580000,0x00000000e1c00000)
  from space 12800K, 99% used [0x00000000e2400000,0x00000000e3066d10,0x00000000e3080000)
  to   space 30208K, 0% used [0x00000000e3980000,0x00000000e3980000,0x00000000e5700000)
 ParOldGen       total 98816K, used 60073K [0x0000000080000000, 0x0000000086080000, 0x00000000d5580000)
  object space 98816K, 60% used [0x0000000080000000,0x0000000083aaa5a0,0x0000000086080000)
 Metaspace       used 89800K, capacity 94086K, committed 94168K, reserved 1130496K
  class space    used 11812K, capacity 12739K, committed 12800K, reserved 1048576K
}

